[----]	====================================================================================================
[----]	|                              Starting Pipeline at 2014-05-07 20:05                               |
[----]	====================================================================================================
[EPIL]	
[EPIL]	======================================= Stage flatten [EPIL] =======================================
[CS]	
[CS]	======================================== Stage flatten [CS] ========================================
[CRC]	
[CRC]	======================================= Stage flatten [CRC] ========================================
[AML]	
[AML]	======================================= Stage flatten [AML] ========================================
[CMT]	
[CMT]	======================================= Stage flatten [CMT] ========================================
Flattening and removing nonstandard chromosomes ...
Flattening and removing nonstandard chromosomes ...
Flattening and removing nonstandard chromosomes ...
Flattening and removing nonstandard chromosomes ...
Flattening and removing nonstandard chromosomes ...
[EPIL]	
[EPIL]	====================================== Stage annotate [EPIL] =======================================
[CS]	
[CS]	======================================= Stage annotate [CS] ========================================
[CMT]	
[CMT]	======================================= Stage annotate [CMT] =======================================
[CRC]	
[CRC]	======================================= Stage annotate [CRC] =======================================
[AML]	
[AML]	======================================= Stage annotate [AML] =======================================
Annotating genes ...
Annotating genes ...
Annotating genes ...
Annotating genes ...
Annotating genes ...
Loading genes from RefGene database ...
Loading genes from RefGene database ...
Loading genes from RefGene database ...
Loading genes from RefGene database ...
Loading genes from RefGene database ...
Finished.
Finished.
Finished.
Processed 3094 in 1.468 seconds @ 2106.1946902655 per second
WARNING: regions annotated incorrectly - total size: 513181
WARNING: The following 218 genes were added based on UCSC annotations:
[GABRD, KCNAB2, PPT1, SLC2A1, ALG6, CASQ2, HAX1, CHRNB2, KCNJ10, ATP1A2, CACNA1E, PTGS2, CAMSAP2, EPHX1, ADCK3, GLUD1, LGI1, CYP2C19, CYP2C9, ABCC2, WNT8B, EMX2, SLC25A22, CTSD, KCNQ1, TPP1, KCNJ11, BDNF, KCNA4, ELP4, NDUFV1, GAL, PHOX2A, UCP2, ALG9, DPAGT1, SLC6A12, KCNA1, ATN1, GRIN2B, SYT10, PRICKLE1, TUBA1A, ATXN2, CLN5, FOXG1, L2HGDH, EIF2S1, CHGA, UBE3A, ATP10A, GABRB3, CHRNA7, SLC12A6, GATM, NEDD4, CLN6, CYP1A1, POLG, CACNA1H, TSC2, TBC1D24, RBFOX1, ABAT, GRIN2A, ABCC1, CACNG3, SLC5A11, CLN3, QPRT, PRRT2, PAFAH1B1, TRPV1, SEZ6, NF1, PNPO, CACNA1G, AQP4, ME2, TCF4, HCN2, KISS1R, GAMT, CSNK1G2, CACNA1A, SCN1B, LGI4, CYP2A6, FOSB, PNKP, PRKCG, NRXN1, KCNIP3, IL1B, ZEB2, CACNB4, SCN2A, SCN1A, SCN9A, GAD1, CPS1, SLC4A3, DGKD, UGT1A8, UGT1A9, UGT1A1, PDYN, PLCB1, ADNP, MC3R, CHRNA4, KCNQ2, U2AF1, CSTB, TRAPPC10, COL18A1, S100B, PRODH, DEPDC5, CACNG2, ADSL, ATXN10, SCN5A, NR1I2, CASR, KCNAB1, PLD1, ABCC5, CLCN2, HTT, LGI2, UGT2B7, SCARB2, ABCG2, FABP2, FGF2, MFSD8, SLC1A3, HCN1, GPR98, KCNN2, ALDH7A1, GABRA1, GABRG2, ZNF354A, NHLRC1, ALDH5A1, GABBR1, HLA-A, FLOT1, MUC21, HLA-B, LSM2, HSPA1L, HSPA1A, NEU1, BRD2, PAQR8, EFHC1, CNR1, EPM2A, GRM1, PCMT1, OPRM1, TBP, IL6, NPY, CCM2, ABCB1, ADAM22, KRIT1, SGCE, CYP3A5, CYP3A4, RELN, CNTNAP2, KCNH2, CDK5, EN2, CLN8, LGI3, DPYSL2, CHRNA2, PLAT, CHRNA6, KCNV1, CSMD3, KCNQ3, SLC1A1, MLLT3, IFNA1, DAPK1, STXBP1, SPTAN1, TSC1, SURF1, KCNT1, GRIN1, CDKL5, RS1, SMS, ARX, ATP6AP2, SYN1, ARHGEF9, OPHN1, PCDH19, SRPX2, DCX, AGTR2, PHF6, SLC9A6, FMR1, AFF2, IDS, SLC6A8, MECP2, FLNA]
Finished.
Processed 418 in 0.311 seconds @ 1339.7435897436 per second
WARNING: regions annotated incorrectly - total size: 76640
WARNING: The following 35 genes were added based on UCSC annotations:
[MUTYH, TOE1, AKR1C4, BMPR1A, PTEN, POLE, MLH3, GREM1, UACA, BLM, AXIN1, CDH1, NUDT7, TP53, FLCN, AXIN2, TWSG1, SMAD4, STK11, ZNF490, POLD1, EPCAM, MSH2, MSH6, PRADC1, CHEK2, TGFBR2, MLH1, MRPL3, APC, PMS2, PSPH, PRSS37, GALNT12, TGFBR1]
Finished.
Processed 180 in 0.149 seconds @ 1200 per second
WARNING: regions annotated incorrectly - total size: 38281
WARNING: The following 12 genes were added based on UCSC annotations:
[KMT2A, FLT3, IDH2, TP53, CEBPA, DNMT3A, IDH1, ASXL1, KIT, TET2, NPM1, PHF6]
Processed 790 in 0.560 seconds @ 1408.1996434938 per second
WARNING: regions annotated incorrectly - total size: 118277
WARNING: The following 54 genes were added based on UCSC annotations:
[PLEKHG5, MFN2, YARS, NGF, LMNA, NTRK1, INSRR, MPZ, DHTKD1, EGR2, HK1, SBF2, IGHMBP2, MTMR2, WNK1, FGD4, MARS, KIF5A, TRPV4, HSPB8, ATL1, SPTLC2, FBLN5, LITAF, AARS, KARS, GAN, PMP22, CTDP1, DNM2, PRX, MED25, DCTN1, PLA2G6, SBF1, TFG, RAB7A, CCT5, FAM134B, HSPB3, HINT1, HARS, SH3TC2, FIG4, GARS, HSPB1, GDAP1, NDRG1, SPTLC1, IKBKAP, LRSAM1, GJB1, ATP7A, PRPS1]
[AML]	
[AML]	========================================= Stage sort [AML] =========================================
[CRC]	
[CRC]	========================================= Stage sort [CRC] =========================================
[EPIL]	
[EPIL]	======================================== Stage sort [EPIL] =========================================
[CMT]	
[CMT]	========================================= Stage sort [CMT] =========================================
Sorting ...
Sorting MelbourneGenomics-CCDS-CRC-20140507.flatten.annotate.bed  -> MelbourneGenomics-CCDS-CRC-20140507.flatten.annotate.sort.bed
Done
Done
Sorting ...
Sorting MelbourneGenomics-CCDS-EPIL-20140507.flatten.annotate.bed  -> MelbourneGenomics-CCDS-EPIL-20140507.flatten.annotate.sort.bed
Done
Done
Sorting ...
Sorting MelbourneGenomics-CCDS-AML-20140507.flatten.annotate.bed  -> MelbourneGenomics-CCDS-AML-20140507.flatten.annotate.sort.bed
Done
Done
Sorting ...
Sorting MelbourneGenomics-CCDS-CMT-20140507.flatten.annotate.bed  -> MelbourneGenomics-CCDS-CMT-20140507.flatten.annotate.sort.bed
Done
Done
[CRC]	
[CRC]	======================================== Stage rename [CRC] ========================================
[AML]	
[AML]	======================================== Stage rename [AML] ========================================
[EPIL]	
[EPIL]	======================================= Stage rename [EPIL] ========================================
[CMT]	
[CMT]	======================================== Stage rename [CMT] ========================================
Processed 39159 in 4.570 seconds @ 8566.8343907241 per second
WARNING: regions annotated incorrectly - total size: 6419961
WARNING: The following 2869 genes were added based on UCSC annotations:
[AGRN, B3GALT6, GABRD, PEX10, SMIM1, NPHP4, ESPN, PLEKHG5, CAMTA1, H6PD, NMNAT1, KIF1B, PEX14, MASP2, UBIAD1, MTHFR, NPPA, PLOD1, MFN2, CLCNKA, CLCNKB, EPHA2, SDHB, PADI4, PAX7, ALDH4A1, PLA2G5, DDOST, ECE1, ALPL, HSPG2, WNT4, C1QA, C1QC, C1QB, EPHB2, RPL11, GALE, HMGCL, FUCA1, RHCE, LDLRAP1, SEPN1, SLC30A2, DHDDS, ARID1A, PIGV, NR0B2, FCN3, EPB41, CCDC28B, YARS, AK2, GJB4, GJB3, COL8A2, CSF3R, SNIP1, RSPO1, PPT1, ZMPSTE24, COL9A2, KCNQ4, CLDN19, LEPRE1, ERMAP, SLC2A1, WDR65, MPL, ST3GAL3, PTCH2, EIF2B3, UROD, MUTYH, TOE1, MMACHC, POMGNT1, STIL, FOXE3, ORC1, GPX7, SCP2, CPT2, LRP8, DIO1, DHCR24, BSND, PCSK9, C8A, C8B, TACSTD2, FGGY, DOCK7, FOXD3, ALG6, PGM1, LEPR, SLC35D1, IL23R, RPE65, CTH, ACADM, NEXN, BCL10, ZNF644, GLMN, GFI1, RPL5, ABCA4, DPYD, AGL, DBT, COL11A1, GPSM2, SORT1, GNAI3, GNAT2, ALX3, SLC16A1, LRIG2, PTPN22, AP4B1, DCLRE1B, TRIM33, NRAS, TSHB, NGF, VANGL1, CASQ2, TBX15, HSD3B2, PHGDH, HMGCS2, NOTCH2, HFE2, PEX11B, GJA5, GJA8, SF3B4, VPS45, PRPF3, ECM1, ADAMTSL4, CTSK, RFX5, FLG, LOR, GATAD2B, TPM3, HAX1, IL6R, CHRNB2, ADAR, DPM3, MUC1, PKLR, RIT1, LAMTOR2, LMNA, SEMA4A, NTRK1, INSRR, FCRL3, SPTA1, DARC, PIGM, KCNJ10, ATP1A2, PEX19, COPA, NCSTN, VANGL2, USF1, PVRL4, PPOX, NDUFS2, APOA2, MPZ, SDHC, FCGR2B, NOS1AP, DDR2, RGS4, TMCO1, CD247, ADCY10, TBX19, SLC19A2, F5, SELP, GORAB, PRRX1, FMO3, MYOC, FASLG, TNFSF4, DARS2, SERPINC1, NPHS2, LHX4, GLUL, RNASEL, LAMC2, NCF2, HMCN1, PRG4, TPR, CDC73, CFH, CFHR5, F13B, ASPM, CRB1, PTPRC, CACNA1S, PKP1, TNNT2, CHI3L1, CHIT1, SNRPE, REN, KISS1, IL10, CD55, CR2, CR1, CD46, LAMB3, HSD11B1, IRF6, SYT14, RD3, FLVCR1, PTPN14, USH2A, TGFB2, RAB3GAP2, TLR5, LBR, EPHX1, LEFTY2, ADCK3, GJC2, IBA57, ACTA1, AGT, GNPAT, EGLN1, DISC1, DISC2, TBCE, B3GALNT2, LYST, EDARADD, ACTN2, MTR, RYR2, CHRM3, FH, SDCCAG8, AKT3, NLRP3, KLF6, AKR1C2, AKR1C4, IL2RA, GATA3, DHTKD1, PHYH, DCLRE1C, CUBN, VIM, CACNB2, PTF1A, MYO3A, PDSS1, MASTL, RAB18, MTPAP, ZEB1, RET, RBP3, ERCC6, CHAT, MSMB, NCOA4, MBL2, PCDH15, BICC1, CCDC6, ARID5B, ZNF365, EGR2, MYPN, ATOH7, STOX1, KIAA1279, HK1, NEUROG3, NODAL, PRF1, PCBD1, SLC29A3, CDH23, PSAP, CHST3, ASCC1, MRPS16, PLAU, VCL, ADK, KAT6B, C10orf11, KCNMA1, POLR3A, RPS24, SFTPA2, SFTPA1, MAT1A, CDHR1, RGR, LDB3, BMPR1A, GLUD1, PAPSS2, KLLN, PTEN, LIPN, ACTA2, FAS, LIPA, SLC16A12, ANKRD1, KIF11, CYP26C1, FFAR4, RBP4, PDE6C, FRA10AC1, LGI1, PLCE1, CYP2C19, CYP2C8, ALDH18A1, TCTN3, BLNK, HOGA1, ZFYVE27, HPS1, HPSE2, GOT1, COX15, ABCC2, CPN1, CHUK, PAX2, C10orf2, PDZD7, FBXW4, FGF8, HPS6, PITX3, SUFU, CYP17A1, CNNM2, COL17A1, MIR936, MXI1, SMC3, RBM20, SHOC2, TCF7L2, ADRB1, VAX1, KCNK18, EMX2, BAG3, WDR11, FGFR2, ARMS2, HTRA1, DMBT1, ACADSB, OAT, UROS, IFITM5, IFITM3, HRAS, TALDO1, SLC25A22, PNPLA2, CD151, MUC5B, CTSD, TNNI2, TNNT3, IGF2, INS, CD81, KCNQ1, CDKN1C, SLC22A18, PGAP2, STIM1, HBB, HBG2, SMPD1, TPP1, SBF2, AMPD3, TEAD1, PTH, RRAS2, CYP2R1, KCNJ11, ABCC8, USH1C, OTOG, HPS5, LDHA, CSRP3, SLC6A5, ANO5, FANCF, ANO3, LGR4, BDNF, FSHB, PAX6, WT1, CD59, CAT, PDHX, CD44, RAG1, RAG2, EXT2, ALX4, SLC35C1, MAPK8IP1, PEX16, F2, LRP4, DDB2, ACP2, MYBPC3, SLC39A13, RAPSN, SERPING1, FAM111A, GIF, MS4A1, TMEM138, TMEM216, SDHAF2, DAGLA, BEST1, ROM1, B3GAT3, BSCL2, FERMT3, SLC22A12, PYGM, MEN1, LTBP3, RNASEH2C, EFEMP2, BANF1, CATSPER1, PACS1, B3GNT1, BBS1, CTSF, SPTBN2, PC, CLCF1, CABP4, AIP, CABP2, NDUFV1, NDUFS8, TCIRG1, LRP5, CPT1A, IGHMBP2, TPCN2, CCND1, FGF3, FADD, DHCR7, LRTOMT, FOLR1, INPPL1, PHOX2A, UCP2, UCP3, KCNE3, SERPINH1, CAPN5, MYO7A, ALG8, TMEM126A, FZD4, CTSC, TYR, MED17, MRE11A, CEP57, MTMR2, TRPC6, MMP20, MMP3, MMP13, DYNC2H1, ACAT1, ATM, EXPH5, RDX, ALG9, CRYAB, DLAT, SDHD, PTS, DRD2, ZBTB16, APOA5, APOC3, APOA1, CEP164, FXYD2, FXYD6, IL10RA, SCN4B, CD3E, CD3D, CD3G, KMT2A, HMBS, DPAGT1, CBL, MFRP, PVRL1, TECTA, SC5D, CLMP, SCN3B, SIAE, ROBO3, HEPACAM, PUS3, CDON, FOXRED1, TIRAP, KIRREL3, FLI1, KCNJ1, KCNJ5, ST14, OPCML, JAM3, ACAD8, WNK1, ERC1, CACNA2D4, CACNA1C, FGF23, KCNA1, KCNA5, VWF, TNFRSF1A, SCNN1A, LTBR, CD27, CD4, ATN1, C12orf57, C1S, PEX5, GDF3, AICDA, CLEC7A, ETV6, LRP6, CDKN1B, GRIN2B, GUCY2C, ART4, MGP, PDE6H, PTPRO, SLCO1B3, SLCO1B1, GYS2, LDHB, KCNJ8, ABCC9, KRAS, RASSF8, BHLHE41, PTHLH, DDX11, FGD4, DNM1L, YARS2, PKP2, KIF21A, CNTN1, PRICKLE1, IRAK4, ANO6, VDR, COL2A1, PFKM, WNT10B, WNT1, KMT2D, DHH, TUBA1A, AQP2, GPD1, ATF1, SLC11A2, SCN8A, ACVRL1, KRT81, KRT86, KRT83, KRT85, KRT75, KRT6B, KRT6A, KRT5, KRT74, KRT2, KRT1, KRT3, KRT4, KRT8, KRT18, AAAS, SP7, AMHR2, HOXC13, ITGA7, RDH5, SUOX, RPS26, ERBB3, MIP, TAC3, MYO1A, DDIT3, KIF5A, CDK4, CYP27B1, TSFM, DPY19L2, TMEM5, TBK1, GNS, LEMD3, MSRB3, HMGA2, IRAK3, GRIP1, IFNG, MDM2, LYZ, TPH2, BBS10, MYF6, ALX1, CEP290, KITLG, DUSP6, KERA, DCN, CRADD, NDUFA12, HAL, TMPO, SLC25A3, SLC17A8, MYBPC1, SYCP3, GNPTAB, IGF1, PAH, POLR3B, SART3, ISCU, UNG, UBE3B, MMAB, MVK, TRPV4, ATP2A2, TCTN1, MYL2, SH2B3, ATXN2, ALDH2, PTPN11, TBX5, TBX3, MED13L, HSPB8, ACADS, HNF1A, ORAI1, HPD, DIABLO, C12orf65, EIF2B1, TCTN2, ATP6V0A2, SCARB1, PUS1, POLE, GJA3, GJB2, GJB6, FGF9, SGCG, SACS, CENPJ, ATP8A2, RNF6, POLR1D, PDX1, FLT3, POMP, ALOX5AP, B3GALTL, RXFP2, BRCA2, KL, RFXAP, SMAD9, FREM2, COG6, FOXO1, SLC25A15, TPTE2P5, TNFSF11, SUCLA2, ITM2B, RB1, PHF11, ARL11, RNASEH2B, ALG11, DIAPH3, CLN5, EDNRB, SLITRK1, GPC6, ZIC2, PCCA, FGF14, ERCC5, SLC10A2, LIG4, COL4A1, COL4A2, ING1, F7, F10, PNP, RPGRIP1, CHD8, SLC7A7, PABPN1, MYH6, MYH7, NRL, PCK2, TINF2, TGM1, FOXG1, COCH, AP4S1, NUBPL, CFL2, NFKBIA, NKX2-1, PAX9, SEC23A, FANCM, MGAT2, DNAAF2, L2HGDH, ATL1, NIN, PYGL, PTGDR, DDHD1, BMP4, CDKN3, GCH1, OTX2, DACT1, SIX6, SIX1, PRKCH, SYNE2, MTHFD1, SPTB, GPHN, RDH12, ZFYVE26, RAD51B, ACTN1, SMOC1, DNAL1, COQ6, ALDH6A1, VSX2, ABCD4, LTBP2, EIF2B2, MLH3, FLVCR2, TGFB3, IFT43, ESRRB, POMT2, VIPAS39, SPTLC2, TSHR, GALC, SPATA7, TTC8, TDP1, CALM1, CCDC88C, FBLN5, TRIP11, ATXN3, SLC24A4, GOLGA5, SERPINA6, SERPINA1, DICER1, GLRX5, VRK1, DYNC1H1, TECPR2, TRAF3, AMN, KLC1, XRCC3, INF2, AKT1, NIPA1, MKRN3, NDN, UBE3A, ATP10A, GABRB3, OCA2, HERC2, FAN1, TRPM1, GREM1, SLC12A6, NOP10, ACTC1, SPRED1, RASGRP1, BUB1B, PAK6, IVD, CHST14, CASC5, RAD51, CAPN3, CDAN1, TTBK2, UBR1, EPB42, TGM5, STRC, CATSPER2, B2M, DUOX2, DUOXA2, DUOXA1, GATM, BLOC1S6, SLC24A5, MYEF2, SLC12A1, FBN1, CEP152, TRPM7, AP4E1, CYP19A1, MYO5A, WDR72, RAB27A, DYX1C1, TCF12, CGNL1, LIPC, MYO1E, TPM1, CA12, PPIB, SPG21, MTFMT, KBTBD13, CILP, SLC24A1, MAP2K1, SMAD6, SMAD3, AAGAB, CLN6, HEXA, BBS4, HCN4, LOXL1, STRA6, CYP11A1, SEMA7A, CYP1A2, MPI, ETFA, PSTPIP1, CIB2, CHRNA5, CHRNA3, FAH, RPS17, ZNF592, RLBP1, FANCI, POLG, KIF7, PLIN1, MESP2, IDH2, BLM, VPS33B, IGF1R, MEF2A, ADAMTS17, CERS3, ALDH1A3, CHSY1, HBA2, HBA1, AXIN1, CCDC78, LMF1, CACNA1H, GNPTG, CLCN7, IFT140, IGFALS, GFER, TSC2, PKD1, ABCA3, TBC1D24, MEFV, SLX4, DNASE1, CREBBP, GLIS2, SEPT12, ROGDI, ALG1, ABAT, PMM2, GRIN2A, CIITA, LITAF, ERCC4, NDE1, MYH11, ABCC6, UMOD, OTOA, UQCRC2, SCNN1G, SCNN1B, COG7, EARS2, PALB2, IL21R, CLN3, TUFM, ATP2A1, CD19, KIF22, PRRT2, ALDOA, SRCAP, PHKG2, HSD3B7, VKORC1, BCKDK, ITGAM, SLC5A2, VPS35, ORC6, PHKB, ABCC11, ZNF423, NOD2, CYLD, SALL1, RPGRIP1L, FTO, IRX5, MMP2, SLC6A2, CES1, BBS2, SLC12A3, CETP, COQ9, GPR56, CNGB1, USB1, BEAN1, TK2, HSF4, NOL3, HSD11B2, AGRP, LCAT, CDH3, CDH1, CIRH1A, COG8, AARS, COG4, HYDIN, TAT, DHODH, HP, CHST6, TMEM231, KARS, WWOX, MAF, GCSH, BCMO1, GAN, PLCG2, MLYCD, DNAAF1, IRF8, FOXF1, FOXC2, JPH3, ZNF469, CYBA, PIEZO1, CDT1, APRT, GALNS, ACSF3, CDH15, ANKRD11, SPG7, CHMP1A, FANCA, MC1R, PRPF8, WDR81, SERPINF2, SERPINF1, PAFAH1B1, ASPA, TRPV3, CTNS, CHRNE, GP1BA, PFN1, ENO3, SLC52A1, NLRP1, AIPL1, PITPNM3, ALOX12, DLG4, ACADVL, SLC2A4, CHRNB1, MPDU1, TP53, WRAP53, GUCY2D, ALOX12B, ALOXE3, HES7, CTC1, RPL26, PIK3R5, MYH8, MYH2, MYH3, SCO1, ELAC2, COX10, PMP22, TTC19, PIGL, TNFRSF13B, FLCN, RAI1, ATPAF2, MYO15A, B9D1, ALDH3A2, AKAP10, NOS2, FOXN1, NEK8, CRYBA1, SLC6A4, RNF135, NF1, CCL2, RAD51D, PEX12, ACACA, HNF1B, GPR179, TCAP, ERBB2, ORMDL3, THRA, CDC6, RARA, KRT10, KRT12, KRT13, KRT9, KRT14, KRT16, KRT17, JUP, FKBP10, KLHL10, HCRT, STAT5B, STAT3, PTRF, NAGLU, MLX, PSMC3IP, WNK4, G6PC, BRCA1, SOST, NAGS, G6PC3, SLC4A1, ITGA2B, EFTUD2, CCDC103, GFAP, PLEKHM1, WNT3, GOSR2, ITGB3, TBX21, PNPO, HOXB1, DLX3, ITGA3, SGCA, COL1A1, NOG, DGKE, EPX, MKS1, MPO, RAD51C, PPM1E, TRIM37, CA4, TBX4, BRIP1, ACE, TACO1, STRADA, GH1, CD79B, SCN4A, POLG2, RGS9, AXIN2, PRKAR1A, FAM20A, KCNJ2, SOX9, COG1, DNAI2, SLC9A3R1, USH1G, SLC25A19, TSEN54, ITGB4, GALK1, UNC13D, ACOX1, FOXJ1, AANAT, RHBDF2, PRCD, SEPT9, TMC6, TMC8, CANT1, CBX2, CCDC40, GAA, CARD14, SGSH, RNF213, ACTG1, FSCN2, PDE6G, ARHGDIA, PYCR1, CSNK1D, TBCD, SMCHD1, LPIN2, TGIF1, APCDD1, GNAL, AFG3L2, MC2R, MIB1, GATA6, RBBP8, LAMA3, KCTD1, DSC3, DSC2, DSG1, DSG4, DSG2, TTR, DTNA, MOCOS, SETBP1, SLC14A1, EPG5, ATP5A1, LOXHD1, IER3IP1, SMAD7, DYM, MYO5B, CCDC11, SMAD4, DCC, TCF4, FECH, ATP8B1, RAX, LMAN1, CCBE1, MC4R, PIGN, TNFRSF11A, BCL2, RTTN, CYB5A, TSHZ1, CTDP1, BSG, ELANE, CFD, KISS1R, STK11, NDUFS7, GAMT, ADAT3, AMH, LMNB2, GNA11, GIPC3, TBXA2R, PIP5K1C, RAX2, ATCAY, MAP2K2, TICAM1, FUT6, FUT3, NDUFA11, CLPP, TUBB4A, C3, INSR, MCOLN1, PNPLA6, STXBP2, CD209, CD320, ADAMTS10, DNMT1, ICAM1, ICAM4, TYK2, DNM2, SMARCA4, LDLR, DOCK6, EPOR, PRKCSH, ACP5, MAN2B1, RNASEH2A, KLF1, GCDH, NFIX, CACNA1A, CC2D1A, TECR, CYP4F22, CALR3, MYO9B, GTPBP3, INSL3, JAK3, SLC5A5, IL12RB1, PIK3R2, CRLF1, COMP, GDF1, RFXANK, NDUFA13, C19orf12, RGS9BP, SLC7A9, PEPD, GPI, SCN1B, HAMP, COX6B1, PSENEN, NPHS1, TYROBP, SDHAF1, WDR62, SPINT2, RYR1, ACTN4, SARS2, DLL3, AKT2, PRX, ITPKC, CYP2A6, CYP2B6, TGFB1, B9D2, BCKDHA, RPS19, CD79A, ATP1A3, ERF, MEGF8, ETHE1, CEACAM16, BCAM, APOC2, BLOC1S3, ERCC2, ERCC1, RTN2, OPA3, SIX5, DMPK, CCDC8, CALM3, FKRP, AP2S1, CRX, CCDC114, FUT2, FUT1, GYS1, LHB, NTF4, TRPM4, MED25, PNKP, NUP62, MYH14, KCNC3, POLD1, KLK1, KLK4, ETFB, LIM2, NLRP12, PRKCG, PRPF31, TSEN34, NLRP7, GP6, TNNT1, TNNI3, DNAAF3, AURKC, TPO, RPS7, COLEC11, ADAM17, KLF11, LPIN1, NBAS, MYCN, WDR35, MATN3, APOB, POMC, HADHA, HADHB, DRC1, OTOF, KCNK3, KHK, MPV17, EIF2B4, ZNF513, GCKR, C2orf71, ALK, XDH, SPAST, CYP1B1, SOS1, ABCG5, ABCG8, LRPPRC, SLC3A1, PREPL, SIX3, EPAS1, MCFD2, TTC7A, CALM2, EPCAM, MSH2, MSH6, LHCGR, FSHR, PNPT1, EFEMP1, VRK2, FANCL, BCL11A, PUS10, PEX13, FAM161A, EHBP1, WDPCP, MEIS1, ANTXR1, GFPT1, NFU1, TIA1, FIGLA, ATP6V1B1, MCEE, DYSF, CYP26B1, SPR, ALMS1, STAMBP, DGUOK, BOLA3, DCTN1, MOGS, SUCLG1, ELMOD3, GGCX, SFTPB, ST3GAL5, REEP1, CD8A, EIF2AK3, RPIA, TMEM127, SNRNP200, CNNM4, ZAP70, CNGA3, COA5, NPAS2, SLC5A7, RANBP2, EDAR, NPHP1, MERTK, IL36RN, IL1RN, PAX8, DPP10, STEAP3, GLI2, GYPC, BIN1, ERCC3, PROC, HS6ST1, CFC1, RAB3GAP1, LCT, MCM6, DARS, CXCR4, ZEB2, ORC4, MBD5, MMADHC, NEB, CACNB4, ACVR1, IFIH1, SCN2A, GALNT3, TTC21B, SCN1A, SCN9A, G6PC2, ABCB11, LRP2, BBS5, GAD1, DCAF17, SLC25A12, ITGA6, WIPF1, CHRNA1, CHN1, HOXD13, HOXD10, HOXD4, AGPS, PDE11A, PRKRA, DFNB59, TTN, CERKL, NEUROD1, FRZB, COL3A1, COL5A2, SLC40A1, MSTN, HIBCH, STAT1, STAT4, HSPD1, SATB2, CASP10, CASP8, TMEM237, SUMO1, BMPR2, CTLA4, ICOS, NDUFS1, CREB1, CRYGD, CRYGC, CRYGB, IDH1, PIKFYVE, ACADL, CPS1, ABCA12, ATIC, FN1, SMARCAL1, PNKD, SLC11A1, BCS1L, CYP27A1, PRKAG3, WNT10A, FEV, IHH, NHEJ1, ABCB6, DNAJB2, DES, OBSL1, PAX3, CUL3, IRS1, COL4A4, COL4A3, SLC19A3, SP110, DIS3L2, ECEL1, CHRND, CHRNG, GIGYF2, ATG16L1, SAG, UGT1A8, UGT1A9, UGT1A1, COL6A3, MLPH, PER2, TWIST2, HDAC4, CAPN10, KIF1A, AGXT, D2HGDH, PDCD1, SLC52A3, RSPO4, PDYN, TGM6, NOP56, IDH3B, AVP, ITPA, SLC4A11, ADAM33, PROKR2, FERMT1, PLCB1, PLCB4, MKKS, JAG1, NDUFAF5, FLRT3, BFSP1, MGME1, SEC23B, RIN2, THBD, CST3, VSX1, PYGB, ABHD12, COX4I2, MYLK2, POFUT1, ASXL1, DNMT3B, SNTA1, CHMP4B, ASIP, AHCY, ITCH, GSS, GDF5, EPB41L1, TLDC2, SAMHD1, MAFB, JPH2, HNF4A, ADA, STK4, CTSA, ZNF335, MMP9, CD40, SLC2A10, ARFGEF2, DPM1, SALL4, CYP24A1, MC3R, PCK1, STX16, GNAS, TUBB1, ATP5E, EDN3, COL9A3, CHRNA4, KCNQ2, RTEL1, DNAJC5, PRPF6, SOX18, LIPI, TMPRSS15, MRAP, IFNAR2, IL10RB, IFNGR2, KCNE2, KCNE1, RUNX1, CLDN14, HLCS, DYRK1A, ERG, RIPK4, TMPRSS3, CBS, CRYAA, CSTB, AIRE, TSPEAR, ITGB2, COL18A1, COL6A1, COL6A2, FTCD, PCNT, IL17RA, PEX26, TUBA8, PRODH, SLC25A1, GP1BB, TBX1, COMT, SCARF2, PI4KA, SNAP29, BCR, IGLL1, SMARCB1, MIF, SPECC1L, UPB1, GGT1, CRYBB3, CRYBB2, HPS4, CRYBB1, CRYBA4, MN1, CHEK2, XBP1, EWSR1, NEFH, NF2, TCN2, DEPDC5, SLC5A1, FBXO7, SYN3, LARGE, HMOX1, APOL1, MYH9, CACNG2, NCF4, CSF2RB, TST, MPST, TMPRSS6, RAC2, TRIOBP, SOX10, PDGFB, ADSL, XPNPEP3, EP300, ACO2, TNFRSF13C, NAGA, CYP2D6, CYB5R3, A4GALT, PNPLA3, UPK3A, FBLN1, ATXN10, PPARA, TRMU, CELSR1, ALG12, MLC1, TUBGCP6, SBF1, SCO2, TYMP, ARSA, CRBN, SUMF1, ITPR1, CAV3, MTMR14, OGG1, CIDEC, CRELD1, FANCD2, VHL, PPARG, TSEN2, RAF1, WNT7A, TMEM43, XPC, COLQ, BTD, THRB, NGLY1, TGFBR2, GPD1L, GLB1, CRTAP, MLH1, PLCD1, DLEC1, MYD88, ACVR2B, SCN5A, CX3CR1, SLC25A38, CTNNB1, KLHL40, POMGNT2, ANO10, ABHD5, LARS2, SLC6A20, LZTFL1, FYCO1, CCR2, CCR5, LTF, TDGF1, TMIE, MYL3, PTH1R, NBEAL2, SETD2, TREX1, COL7A1, SLC25A20, NDUFAF3, LAMB2, KLHDC8B, AMT, DAG1, GMPPB, GNAT1, HYAL1, ZMYND10, CISH, ACY1, POC1A, GLYCTK, BAP1, TNNC1, PBRM1, RFT1, CACNA1D, WNT5A, IL17RD, HESX1, FLNB, DNASE1L3, PDHB, ATXN7, PRICKLE2, EOGT, MITF, FOXP1, PROK2, ROBO2, GBE1, POU1F1, EPHA3, PROS1, ARL13B, ARL6, CPOX, TFG, IMPG2, CD96, DRD3, ARHGAP31, HGD, IQCB1, ILDR1, CASR, CSTA, ADCY5, MYLK, KALRN, UMPS, UROC1, GATA2, RAB7A, ACAD9, GP9, CNBP, IFT122, RHO, ATP2C1, ASTE1, MRPL3, NPHP3, BFSP2, TF, SLCO2A1, CEP63, PCCB, FOXL2, MRPS22, ZBTB38, ATR, SLC9A9, PLOD2, AGTR1, GYG1, HPS3, CP, CLRN1, P2RY12, MBNL1, SLC33A1, GFM1, IFT80, B3GALNT1, SI, BCHE, PDCD10, SERPINI1, SLC2A2, GHSR, SPATA16, PIK3CA, GNB4, TTC14, CCDC39, DNAJC19, SOX2, MCCC1, MCF2L2, EIF2B5, ALG3, EIF4G1, CLCN2, THPO, LIPH, CRYGS, HRG, KNG1, ADIPOQ, MASP1, TP63, LEPREL1, CLDN1, CLDN16, UTS2B, CCDC50, OPA1, RNF168, IQCG, ZNF141, PDE6B, IDUA, RNF212, UVSSA, FGFR3, NAT8L, SH3BP2, HTT, DOK7, MSX1, EVC2, EVC, WFS1, HMX1, DRD5, SLC2A9, NKX3-2, CC2D2A, PROM1, QDPR, SEPSECS, SLC34A2, RBPJ, TLR1, WDR19, LIAS, PHOX2B, GRXCR1, GABRA2, CORIN, CNGA1, SGCB, FIP1L1, PDGFRA, KIT, KDR, SRD5A3, TMEM165, CEP135, SRP72, IGFBP7, GNRHR, UGT2B17, MUC7, ENAM, SLC4A4, GC, ALB, AFP, C4orf26, SCARB2, FRAS1, ANTXR2, COQ2, DSPP, DMP1, PKD2, ABCG2, PPM1K, SMARCAD1, BMPR1B, EIF4E, ADH1B, MTTP, BANK1, MANBA, CISD2, TACR3, TET2, TBCK, AIMP1, CYP2U1, HADH, CFI, LRIT3, EGF, PITX2, LARP7, ANK2, PRSS12, MYOZ2, PRDM5, ANXA5, BBS7, BBS12, MFSD8, RAB33B, GYPB, GYPA, HHIP, MMAA, NR3C2, LRBA, TLR2, FGB, FGA, FGG, LRAT, GLRB, ETFDH, TLL1, PALLD, NEK1, HPGD, AGA, TENM3, TRAPPC11, PRIMPOL, CENPU, SLC25A4, TLR3, CYP4V2, KLKB1, F11, DUX4, SDHA, SLC6A19, TERT, SLC6A3, NSUN2, MTRR, CCT5, DNAH5, ANKH, FAM134B, SLC45A2, AMACR, IL7R, SLC1A3, NIPBL, C5orf42, GDNF, LIFR, OSMR, C9, C7, C6, OXCT1, GHR, NNT, FGF10, MOCS2, NDUFS4, HSPB3, IL31RA, MAP3K1, PDE4D, ERCC8, NDUFAF2, HTR1A, PIK3R1, MARVELD2, OCLN, SMN1, MCCC2, HEXB, HMGCR, AGGF1, PDE8B, AP3B1, ARSB, DMGDH, DHFR, MSH3, VCAN, RASA1, MEF2C, GPR98, TTC37, PCSK1, WDR36, APC, HSD17B4, ALDH7A1, LMNB1, MEGF10, FBN2, HINT1, SLC22A4, SLC22A5, IRF1, RAD50, IL13, IL4, GDF9, UQCRQ, SAR1B, PITX1, TGFBI, KLHL3, MYOT, SIL1, MATR3, HARS, HARS2, DIAPH1, SPRY4, ARHGAP26, NR3C1, POU4F3, PPP2R2B, SPINK1, SPINK5, ADRB2, SH3TC2, PDE6A, SLC26A2, CSF1R, PDGFRB, TCOF1, IRGM, GM2A, SLC36A2, GLRA1, SGCD, ITK, NIPAL4, IL12B, GABRA1, GABRG2, KCNMB1, STK10, SH3PXD2B, NKX2-5, MSX2, NSD1, SLC34A1, F12, B4GALT7, PROP1, NHP2, PHYKPL, GRM6, ADAMTS2, SQSTM1, FLT4, IRF4, FOXC1, SERPINB6, TUBB2B, FARS2, F13A1, DSP, TFAP2A, GCNT2, MAK, GCM2, DTNBP1, ATXN1, NHLRC1, TPMT, CDKAL1, DCDC2, KAAG1, ALDH5A1, KIAA0319, SLC17A3, HFE, TRIM27, OR2J3, MOG, ZFP57, HLA-A, CDSN, HLA-C, HLA-B, MICA, MICB, NFKBIL1, LTA, TNF, NCR3, NEU1, C2, CFB, SKIV2L, C4A, CYP21A2, TNXB, HLA-DRA, HLA-DRB1, TAP2, PSMB8, TAP1, COL11A2, SYNGAP1, MIR5004, RPS10, FANCE, TULP1, LHFPL5, SLC26A8, PNPLA1, BTBD9, MOCS1, TREM2, GUCA1A, GUCA1B, PRPH2, GNMT, PEX6, CUL7, POLR1C, POLH, RSPH9, VEGFA, AARS2, RUNX2, PLA2G7, CD2AP, MUT, RHAG, TFAP2B, PKHD1, IL17F, EFHC1, ICK, GCLC, DST, RAB23, EYS, LMBRD1, COL9A1, RIMS1, KHDC3L, MTO1, SLC17A5, M[CS]	
[CS]	========================================= Stage sort [CS] ==========================================
Sorting ...
Sorting MelbourneGenomics-CCDS-CS-20140507.flatten.annotate.bed  -> MelbourneGenomics-CCDS-CS-20140507.flatten.annotate.sort.bed
Done
Done
[CS]	
[CS]	======================================== Stage rename [CS] =========================================

======================================== Pipeline Finished =========================================
[]	20:06:17 MSG:  Finished at Wed May 07 20:06:17 EST 2014
[]	20:06:23 MSG:  Outputs are: 
[]			CRC.bed
[]			AML.bed
[]			EPIL.bed
[]			CMT.bed
[]			CS.bed
